<?xml version="1.0" encoding="UTF-8"?>
<!-- Generated by org.testng.reporters.JUnitReportReporter -->
<testsuite hostname="NCHUMBALKAR-LT" name="test.LowerRangeTest" tests="7" failures="0" timestamp="3 Feb 2016 08:08:21 GMT" time="0.031" errors="0">
  <testcase name="testLowerRange" time="0.000" classname="test.LowerRangeTest"/>
  <testcase name="testLowerRange" time="0.016" classname="test.LowerRangeTest"/>
  <testcase name="testLowerRange" time="0.000" classname="test.LowerRangeTest"/>
  <testcase name="testNegativeLowerRange" time="0.015" classname="test.LowerRangeTest"/>
  <testcase name="testNegativeLowerRange" time="0.000" classname="test.LowerRangeTest"/>
  <testcase name="testLowerRange" time="0.000" classname="test.LowerRangeTest"/>
  <testcase name="testNegativeLowerRange" time="0.000" classname="test.LowerRangeTest"/>
</testsuite> <!-- test.LowerRangeTest -->
